<?xml version="1.0" encoding="UTF-8"?>
<robot generator="Robot 7.2.2 (Python 3.10.12 on linux)" generated="2025-02-25T15:08:39.350381" rpa="false" schemaversion="5">
<suite id="s1" name="LoginTestcases" source="/home/nb-supawadee/Desktop/automate-rose-skill/testcases/LoginTestcases.robot">
<test id="s1-t1" name="As a user, I want to login success with valid credential" line="10">
<kw name="Open Browser" owner="SeleniumLibrary">
<msg time="2025-02-25T15:08:39.517288" level="INFO">Opening browser 'chrome' to base url 'https://www.netflix.com/th-en/login'.</msg>
<arg>${baseUrl}</arg>
<arg>chrome</arg>
<doc>Opens a new browser instance to the optional ``url``.</doc>
<status status="PASS" start="2025-02-25T15:08:39.516850" elapsed="3.329029"/>
</kw>
<kw name="When user login to future skill platform with ${email} and ${valid_password}" owner="LoginPageKeywords" source_name="user login to future skill platform with ${username} and ${password}">
<kw name="Wait until element is ready then input text" owner="CommonKeywords">
<kw name="Wait Until Keyword Succeeds" owner="BuiltIn">
<kw name="Input Text" owner="SeleniumLibrary">
<msg time="2025-02-25T15:08:42.849504" level="INFO">Typing text 'supawadee.rose@hotmail.com' into text field 'name=userLoginId'.</msg>
<msg time="2025-02-25T15:08:43.016830" level="INFO" html="true">&lt;/td&gt;&lt;/tr&gt;&lt;tr&gt;&lt;td colspan="3"&gt;&lt;a href="selenium-screenshot-1.png"&gt;&lt;img src="selenium-screenshot-1.png" width="800px"&gt;&lt;/a&gt;</msg>
<msg time="2025-02-25T15:08:43.017319" level="FAIL">Element with locator 'name=userLoginId' not found.</msg>
<arg>${locator}</arg>
<arg>${text}</arg>
<doc>Types the given ``text`` into the text field identified by ``locator``.</doc>
<status status="FAIL" start="2025-02-25T15:08:42.848990" elapsed="0.197031">Element with locator 'name=userLoginId' not found.</status>
</kw>
<kw name="Input Text" owner="SeleniumLibrary">
<msg time="2025-02-25T15:08:45.047663" level="INFO">Typing text 'supawadee.rose@hotmail.com' into text field 'name=userLoginId'.</msg>
<arg>${locator}</arg>
<arg>${text}</arg>
<doc>Types the given ``text`` into the text field identified by ``locator``.</doc>
<status status="PASS" start="2025-02-25T15:08:45.046885" elapsed="1.303704"/>
</kw>
<arg>5x</arg>
<arg>2s</arg>
<arg>Input Text</arg>
<arg>${locator}</arg>
<arg>${text}</arg>
<doc>Runs the specified keyword and retries if it fails.</doc>
<status status="PASS" start="2025-02-25T15:08:42.848638" elapsed="3.502177"/>
</kw>
<arg>name=userLoginId</arg>
<arg>${username}</arg>
<status status="PASS" start="2025-02-25T15:08:42.847983" elapsed="3.502996"/>
</kw>
<kw name="Wait until element is ready then input text" owner="CommonKeywords">
<kw name="Wait Until Keyword Succeeds" owner="BuiltIn">
<kw name="Input Text" owner="SeleniumLibrary">
<msg time="2025-02-25T15:08:46.353522" level="INFO">Typing text '140819' into text field 'name=password'.</msg>
<arg>${locator}</arg>
<arg>${text}</arg>
<doc>Types the given ``text`` into the text field identified by ``locator``.</doc>
<status status="PASS" start="2025-02-25T15:08:46.352856" elapsed="0.446884"/>
</kw>
<arg>5x</arg>
<arg>2s</arg>
<arg>Input Text</arg>
<arg>${locator}</arg>
<arg>${text}</arg>
<doc>Runs the specified keyword and retries if it fails.</doc>
<status status="PASS" start="2025-02-25T15:08:46.352094" elapsed="0.447869"/>
</kw>
<arg>name=password</arg>
<arg>${password}</arg>
<status status="PASS" start="2025-02-25T15:08:46.351358" elapsed="0.448818"/>
</kw>
<kw name="Wait until element is ready then click element" owner="CommonKeywords">
<kw name="Wait Until Keyword Succeeds" owner="BuiltIn">
<kw name="Click Element" owner="SeleniumLibrary">
<msg time="2025-02-25T15:08:46.802168" level="INFO">Clicking element 'xpath=//*[@id="appMountPoint"]/div/div/div/div/div[2]/div/form/div/div/div/div/div/div/div/div[1]/div/div/div[3]/div/div/div[2]/button'.</msg>
<arg>${locator}</arg>
<doc>Click the element identified by ``locator``.</doc>
<status status="PASS" start="2025-02-25T15:08:46.801789" elapsed="0.161130"/>
</kw>
<arg>5x</arg>
<arg>2s</arg>
<arg>Click Element</arg>
<arg>${locator}</arg>
<doc>Runs the specified keyword and retries if it fails.</doc>
<status status="PASS" start="2025-02-25T15:08:46.801336" elapsed="0.161867"/>
</kw>
<arg>xpath=//*[@id="appMountPoint"]/div/div/div/div/div[2]/div/form/div/div/div/div/div/div/div/div[1]/div/div/div[3]/div/div/div[2]/button</arg>
<status status="PASS" start="2025-02-25T15:08:46.800585" elapsed="0.162838"/>
</kw>
<status status="PASS" start="2025-02-25T15:08:42.846814" elapsed="4.116766"/>
</kw>
<kw name="Close Browser" owner="SeleniumLibrary">
<doc>Closes the current browser.</doc>
<status status="PASS" start="2025-02-25T15:08:46.964036" elapsed="0.140731"/>
</kw>
<status status="PASS" start="2025-02-25T15:08:39.515213" elapsed="7.590350"/>
</test>
<test id="s1-t2" name="As a user, I fail to login with invalid credential" line="15">
<kw name="Open Browser" owner="SeleniumLibrary">
<msg time="2025-02-25T15:08:47.109173" level="INFO">Opening browser 'chrome' to base url 'https://www.netflix.com/th-en/login'.</msg>
<arg>${baseUrl}</arg>
<arg>chrome</arg>
<doc>Opens a new browser instance to the optional ``url``.</doc>
<status status="PASS" start="2025-02-25T15:08:47.107328" elapsed="4.395931"/>
</kw>
<kw name="When user login to future skill platform with ${email} and ${invalid_password}" owner="LoginPageKeywords" source_name="user login to future skill platform with ${username} and ${password}">
<kw name="Wait until element is ready then input text" owner="CommonKeywords">
<kw name="Wait Until Keyword Succeeds" owner="BuiltIn">
<kw name="Input Text" owner="SeleniumLibrary">
<msg time="2025-02-25T15:08:51.507750" level="INFO">Typing text 'supawadee.rose@hotmail.com' into text field 'name=userLoginId'.</msg>
<msg time="2025-02-25T15:08:51.670081" level="INFO" html="true">&lt;/td&gt;&lt;/tr&gt;&lt;tr&gt;&lt;td colspan="3"&gt;&lt;a href="selenium-screenshot-2.png"&gt;&lt;img src="selenium-screenshot-2.png" width="800px"&gt;&lt;/a&gt;</msg>
<msg time="2025-02-25T15:08:51.670544" level="FAIL">Element with locator 'name=userLoginId' not found.</msg>
<arg>${locator}</arg>
<arg>${text}</arg>
<doc>Types the given ``text`` into the text field identified by ``locator``.</doc>
<status status="FAIL" start="2025-02-25T15:08:51.507364" elapsed="0.163638">Element with locator 'name=userLoginId' not found.</status>
</kw>
<kw name="Input Text" owner="SeleniumLibrary">
<msg time="2025-02-25T15:08:53.677356" level="INFO">Typing text 'supawadee.rose@hotmail.com' into text field 'name=userLoginId'.</msg>
<arg>${locator}</arg>
<arg>${text}</arg>
<doc>Types the given ``text`` into the text field identified by ``locator``.</doc>
<status status="PASS" start="2025-02-25T15:08:53.676616" elapsed="0.834901"/>
</kw>
<arg>5x</arg>
<arg>2s</arg>
<arg>Input Text</arg>
<arg>${locator}</arg>
<arg>${text}</arg>
<doc>Runs the specified keyword and retries if it fails.</doc>
<status status="PASS" start="2025-02-25T15:08:51.506937" elapsed="3.004880"/>
</kw>
<arg>name=userLoginId</arg>
<arg>${username}</arg>
<status status="PASS" start="2025-02-25T15:08:51.505788" elapsed="3.006313"/>
</kw>
<kw name="Wait until element is ready then input text" owner="CommonKeywords">
<kw name="Wait Until Keyword Succeeds" owner="BuiltIn">
<kw name="Input Text" owner="SeleniumLibrary">
<msg time="2025-02-25T15:08:54.515746" level="INFO">Typing text '140816' into text field 'name=password'.</msg>
<arg>${locator}</arg>
<arg>${text}</arg>
<doc>Types the given ``text`` into the text field identified by ``locator``.</doc>
<status status="PASS" start="2025-02-25T15:08:54.514995" elapsed="0.302205"/>
</kw>
<arg>5x</arg>
<arg>2s</arg>
<arg>Input Text</arg>
<arg>${locator}</arg>
<arg>${text}</arg>
<doc>Runs the specified keyword and retries if it fails.</doc>
<status status="PASS" start="2025-02-25T15:08:54.514224" elapsed="0.303170"/>
</kw>
<arg>name=password</arg>
<arg>${password}</arg>
<status status="PASS" start="2025-02-25T15:08:54.512822" elapsed="0.304730"/>
</kw>
<kw name="Wait until element is ready then click element" owner="CommonKeywords">
<kw name="Wait Until Keyword Succeeds" owner="BuiltIn">
<kw name="Click Element" owner="SeleniumLibrary">
<msg time="2025-02-25T15:08:54.819549" level="INFO">Clicking element 'xpath=//*[@id="appMountPoint"]/div/div/div/div/div[2]/div/form/div/div/div/div/div/div/div/div[1]/div/div/div[3]/div/div/div[2]/button'.</msg>
<arg>${locator}</arg>
<doc>Click the element identified by ``locator``.</doc>
<status status="PASS" start="2025-02-25T15:08:54.819087" elapsed="0.120561"/>
</kw>
<arg>5x</arg>
<arg>2s</arg>
<arg>Click Element</arg>
<arg>${locator}</arg>
<doc>Runs the specified keyword and retries if it fails.</doc>
<status status="PASS" start="2025-02-25T15:08:54.818496" elapsed="0.121360"/>
</kw>
<arg>xpath=//*[@id="appMountPoint"]/div/div/div/div/div[2]/div/form/div/div/div/div/div/div/div/div[1]/div/div/div[3]/div/div/div[2]/button</arg>
<status status="PASS" start="2025-02-25T15:08:54.817913" elapsed="0.122105"/>
</kw>
<status status="PASS" start="2025-02-25T15:08:51.504400" elapsed="3.435735"/>
</kw>
<kw name="Close Browser" owner="SeleniumLibrary">
<doc>Closes the current browser.</doc>
<status status="PASS" start="2025-02-25T15:08:54.940510" elapsed="0.088470"/>
</kw>
<status status="PASS" start="2025-02-25T15:08:47.106186" elapsed="7.924709"/>
</test>
<status status="PASS" start="2025-02-25T15:08:39.351890" elapsed="15.680528"/>
</suite>
<statistics>
<total>
<stat pass="2" fail="0" skip="0">All Tests</stat>
</total>
<tag>
</tag>
<suite>
<stat name="LoginTestcases" id="s1" pass="2" fail="0" skip="0">LoginTestcases</stat>
</suite>
</statistics>
<errors>
</errors>
</robot>
